<?xml version="1.0" encoding="UTF-8"?>
<!-- Generated by org.testng.reporters.JUnitXMLReporter -->
<testsuite ignored="0" hostname="shubhams-MacBook-Air.local" failures="0" tests="4" name="Default test" time="7.873" errors="0" timestamp="2024-06-02T23:44:34 IST">
  <testcase classname="api.test.UserTests" name="testPostUser" time="2.507"/>
  <testcase classname="api.test.UserTests" name="testGetUserbyName" time="2.096"/>
  <testcase classname="api.test.UserTests" name="testUpdateUserbyName" time="1.526"/>
  <testcase classname="api.test.UserTests" name="deleteUserByName" time="1.647"/>
</testsuite> <!-- Default test -->
