<?xml version="1.0" encoding="UTF-8"?>
<!-- Generated by org.testng.reporters.JUnitXMLReporter -->
<testsuite ignored="0" hostname="shubhams-MacBook-Air.local" failures="0" tests="4" name="Default test" time="10.18" errors="0" timestamp="2024-09-14T15:34:30 IST">
  <testcase classname="api.test.UserTests" name="testPostUser" time="5.103"/>
  <testcase classname="api.test.UserTests" name="testGetUserbyName" time="1.598"/>
  <testcase classname="api.test.UserTests" name="testUpdateUserbyName" time="1.645"/>
  <testcase classname="api.test.UserTests" name="deleteUserByName" time="1.617"/>
</testsuite> <!-- Default test -->
