<?xml version="1.0" encoding="UTF-8"?>
<testng-results ignored="0" total="4" passed="4" failed="0" skipped="0">
  <reporter-output>
  </reporter-output>
  <suite started-at="2024-06-02T23:44:26 IST" name="Default suite" finished-at="2024-06-02T23:44:34 IST" duration-ms="7873">
    <groups>
    </groups>
    <test started-at="2024-06-02T23:44:26 IST" name="Default test" finished-at="2024-06-02T23:44:34 IST" duration-ms="7873">
      <class name="api.test.UserTests">
        <test-method is-config="true" signature="setupdata()[pri:0, instance:api.test.UserTests@636be97c]" started-at="2024-06-02T23:44:26 IST" name="setupdata" finished-at="2024-06-02T23:44:26 IST" duration-ms="77" status="PASS">
          <reporter-output>
          </reporter-output>
        </test-method> <!-- setupdata -->
        <test-method signature="testPostUser()[pri:1, instance:api.test.UserTests@636be97c]" started-at="2024-06-02T23:44:26 IST" name="testPostUser" finished-at="2024-06-02T23:44:28 IST" duration-ms="2507" status="PASS">
          <reporter-output>
          </reporter-output>
        </test-method> <!-- testPostUser -->
        <test-method signature="testGetUserbyName()[pri:2, instance:api.test.UserTests@636be97c]" started-at="2024-06-02T23:44:28 IST" name="testGetUserbyName" finished-at="2024-06-02T23:44:30 IST" duration-ms="2096" status="PASS">
          <reporter-output>
          </reporter-output>
        </test-method> <!-- testGetUserbyName -->
        <test-method signature="testUpdateUserbyName()[pri:3, instance:api.test.UserTests@636be97c]" started-at="2024-06-02T23:44:30 IST" name="testUpdateUserbyName" finished-at="2024-06-02T23:44:32 IST" duration-ms="1526" status="PASS">
          <reporter-output>
          </reporter-output>
        </test-method> <!-- testUpdateUserbyName -->
        <test-method signature="deleteUserByName()[pri:4, instance:api.test.UserTests@636be97c]" started-at="2024-06-02T23:44:32 IST" name="deleteUserByName" finished-at="2024-06-02T23:44:34 IST" duration-ms="1647" status="PASS">
          <reporter-output>
          </reporter-output>
        </test-method> <!-- deleteUserByName -->
      </class> <!-- api.test.UserTests -->
    </test> <!-- Default test -->
  </suite> <!-- Default suite -->
</testng-results>
